<?xml version="1.0" encoding="UTF-8"?>
<coverage generated="1660304696">
  <project timestamp="1660304696">
    <file name="C:\Users\46066917X\Documents\GitHub\cronjob\src\Config\CronJob.php">
      <class name="Daycry\CronJob\Config\CronJob" namespace="global">
        <metrics complexity="1" methods="0" coveredmethods="0" conditionals="0" coveredconditionals="0" statements="0" coveredstatements="0" elements="0" coveredelements="0"/>
      </class>
      <metrics loc="90" ncloc="30" classes="0" methods="0" coveredmethods="0" conditionals="0" coveredconditionals="0" statements="0" coveredstatements="0" elements="0" coveredelements="0"/>
    </file>
    <file name="C:\Users\46066917X\Documents\GitHub\cronjob\src\Config\Services.php">
      <class name="Daycry\CronJob\Config\Services" namespace="global">
        <metrics complexity="4" methods="2" coveredmethods="1" conditionals="0" coveredconditionals="0" statements="6" coveredstatements="3" elements="8" coveredelements="4"/>
      </class>
      <line num="18" type="method" name="scheduler" visibility="public" complexity="2" crap="2" count="3"/>
      <line num="20" type="stmt" count="3"/>
      <line num="21" type="stmt" count="3"/>
      <line num="24" type="stmt" count="1"/>
      <line num="34" type="method" name="cronExpression" visibility="public" complexity="2" crap="6" count="0"/>
      <line num="36" type="stmt" count="0"/>
      <line num="37" type="stmt" count="0"/>
      <line num="40" type="stmt" count="0"/>
      <metrics loc="43" ncloc="29" classes="1" methods="2" coveredmethods="1" conditionals="0" coveredconditionals="0" statements="6" coveredstatements="3" elements="8" coveredelements="4"/>
    </file>
    <file name="C:\Users\46066917X\Documents\GitHub\cronjob\src\Database\Migrations\2021-10-21-103415_create_cronjob_tables.php">
      <class name="Daycry\Cronjob\Database\Migrations\CreateCronjobTable" namespace="global">
        <metrics complexity="4" methods="3" coveredmethods="0" conditionals="0" coveredconditionals="0" statements="12" coveredstatements="0" elements="15" coveredelements="0"/>
      </class>
      <line num="9" type="method" name="up" visibility="public" complexity="1" crap="2" count="0"/>
      <line num="11" type="stmt" count="0"/>
      <line num="16" type="stmt" count="0"/>
      <line num="17" type="stmt" count="0"/>
      <line num="33" type="stmt" count="0"/>
      <line num="34" type="stmt" count="0"/>
      <line num="36" type="stmt" count="0"/>
      <line num="39" type="method" name="down" visibility="public" complexity="1" crap="2" count="0"/>
      <line num="41" type="stmt" count="0"/>
      <line num="43" type="stmt" count="0"/>
      <line num="46" type="method" name="_getConfig" visibility="private" complexity="2" crap="6" count="0"/>
      <line num="48" type="stmt" count="0"/>
      <line num="50" type="stmt" count="0"/>
      <line num="51" type="stmt" count="0"/>
      <line num="54" type="stmt" count="0"/>
      <metrics loc="57" ncloc="54" classes="1" methods="3" coveredmethods="0" conditionals="0" coveredconditionals="0" statements="12" coveredstatements="0" elements="15" coveredelements="0"/>
    </file>
    <file name="C:\Users\46066917X\Documents\GitHub\cronjob\src\Exceptions\CronJobException.php">
      <class name="Daycry\CronJob\Exceptions\CronJobException" namespace="global">
        <metrics complexity="2" methods="2" coveredmethods="2" conditionals="0" coveredconditionals="0" statements="2" coveredstatements="2" elements="4" coveredelements="4"/>
      </class>
      <line num="9" type="method" name="forInvalidTaskType" visibility="public" complexity="1" crap="1" count="1"/>
      <line num="11" type="stmt" count="1"/>
      <line num="14" type="method" name="forInvalidExpression" visibility="public" complexity="1" crap="1" count="1"/>
      <line num="16" type="stmt" count="1"/>
      <metrics loc="19" ncloc="19" classes="1" methods="2" coveredmethods="2" conditionals="0" coveredconditionals="0" statements="2" coveredstatements="2" elements="4" coveredelements="4"/>
    </file>
    <file name="C:\Users\46066917X\Documents\GitHub\cronjob\src\FrequenciesTrait.php">
      <class name="Daycry\CronJob\FrequenciesTrait" namespace="global">
        <metrics complexity="46" methods="30" coveredmethods="26" conditionals="0" coveredconditionals="0" statements="136" coveredstatements="132" elements="166" coveredelements="158"/>
      </class>
      <line num="37" type="method" name="getExpression" visibility="public" complexity="1" crap="1" count="46"/>
      <line num="39" type="stmt" count="46"/>
      <line num="49" type="method" name="cron" visibility="public" complexity="2" crap="2" count="2"/>
      <line num="51" type="stmt" count="2"/>
      <line num="52" type="stmt" count="1"/>
      <line num="55" type="stmt" count="1"/>
      <line num="57" type="stmt" count="1"/>
      <line num="68" type="method" name="daily" visibility="public" complexity="2" crap="2" count="4"/>
      <line num="70" type="stmt" count="4"/>
      <line num="71" type="stmt" count="4"/>
      <line num="72" type="stmt" count="3"/>
      <line num="75" type="stmt" count="4"/>
      <line num="77" type="stmt" count="4"/>
      <line num="78" type="stmt" count="4"/>
      <line num="80" type="stmt" count="4"/>
      <line num="82" type="stmt" count="4"/>
      <line num="90" type="method" name="hourly" visibility="public" complexity="2" crap="2" count="2"/>
      <line num="92" type="stmt" count="2"/>
      <line num="95" type="stmt" count="2"/>
      <line num="97" type="stmt" count="2"/>
      <line num="98" type="stmt" count="2"/>
      <line num="100" type="stmt" count="2"/>
      <line num="102" type="stmt" count="2"/>
      <line num="113" type="method" name="everyHour" visibility="public" complexity="3" crap="3" count="3"/>
      <line num="115" type="stmt" count="3"/>
      <line num="117" type="stmt" count="3"/>
      <line num="118" type="stmt" count="3"/>
      <line num="120" type="stmt" count="3"/>
      <line num="121" type="stmt" count="3"/>
      <line num="123" type="stmt" count="3"/>
      <line num="125" type="stmt" count="3"/>
      <line num="135" type="method" name="betweenHours" visibility="public" complexity="1" crap="1" count="1"/>
      <line num="137" type="stmt" count="1"/>
      <line num="138" type="stmt" count="1"/>
      <line num="140" type="stmt" count="1"/>
      <line num="142" type="stmt" count="1"/>
      <line num="151" type="method" name="hours" visibility="public" complexity="2" crap="2.02" count="1"/>
      <line num="153" type="stmt" count="1"/>
      <line num="155" type="stmt" count="1"/>
      <line num="156" type="stmt" count="0"/>
      <line num="159" type="stmt" count="1"/>
      <line num="161" type="stmt" count="1"/>
      <line num="163" type="stmt" count="1"/>
      <line num="173" type="method" name="everyMinute" visibility="public" complexity="2" crap="2" count="5"/>
      <line num="175" type="stmt" count="5"/>
      <line num="177" type="stmt" count="5"/>
      <line num="178" type="stmt" count="5"/>
      <line num="180" type="stmt" count="5"/>
      <line num="182" type="stmt" count="5"/>
      <line num="190" type="method" name="everyFiveMinutes" visibility="public" complexity="1" crap="1" count="1"/>
      <line num="192" type="stmt" count="1"/>
      <line num="200" type="method" name="everyFifteenMinutes" visibility="public" complexity="1" crap="1" count="1"/>
      <line num="202" type="stmt" count="1"/>
      <line num="210" type="method" name="everyThirtyMinutes" visibility="public" complexity="1" crap="1" count="1"/>
      <line num="212" type="stmt" count="1"/>
      <line num="223" type="method" name="betweenMinutes" visibility="public" complexity="1" crap="1" count="1"/>
      <line num="225" type="stmt" count="1"/>
      <line num="227" type="stmt" count="1"/>
      <line num="229" type="stmt" count="1"/>
      <line num="231" type="stmt" count="1"/>
      <line num="240" type="method" name="minutes" visibility="public" complexity="2" crap="2.02" count="1"/>
      <line num="242" type="stmt" count="1"/>
      <line num="244" type="stmt" count="1"/>
      <line num="245" type="stmt" count="0"/>
      <line num="248" type="stmt" count="1"/>
      <line num="250" type="stmt" count="1"/>
      <line num="252" type="stmt" count="1"/>
      <line num="262" type="method" name="days" visibility="public" complexity="2" crap="2.02" count="1"/>
      <line num="264" type="stmt" count="1"/>
      <line num="266" type="stmt" count="1"/>
      <line num="267" type="stmt" count="0"/>
      <line num="270" type="stmt" count="1"/>
      <line num="272" type="stmt" count="1"/>
      <line num="274" type="stmt" count="1"/>
      <line num="284" type="method" name="sundays" visibility="public" complexity="1" crap="1" count="2"/>
      <line num="286" type="stmt" count="2"/>
      <line num="296" type="method" name="mondays" visibility="public" complexity="1" crap="1" count="2"/>
      <line num="298" type="stmt" count="2"/>
      <line num="308" type="method" name="tuesdays" visibility="public" complexity="1" crap="1" count="2"/>
      <line num="310" type="stmt" count="2"/>
      <line num="320" type="method" name="wednesdays" visibility="public" complexity="1" crap="1" count="2"/>
      <line num="322" type="stmt" count="2"/>
      <line num="332" type="method" name="thursdays" visibility="public" complexity="1" crap="1" count="2"/>
      <line num="334" type="stmt" count="2"/>
      <line num="344" type="method" name="fridays" visibility="public" complexity="1" crap="1" count="2"/>
      <line num="346" type="stmt" count="2"/>
      <line num="356" type="method" name="saturdays" visibility="public" complexity="1" crap="1" count="2"/>
      <line num="358" type="stmt" count="2"/>
      <line num="368" type="method" name="monthly" visibility="public" complexity="2" crap="2" count="2"/>
      <line num="370" type="stmt" count="2"/>
      <line num="372" type="stmt" count="2"/>
      <line num="373" type="stmt" count="1"/>
      <line num="376" type="stmt" count="2"/>
      <line num="378" type="stmt" count="2"/>
      <line num="379" type="stmt" count="2"/>
      <line num="380" type="stmt" count="2"/>
      <line num="382" type="stmt" count="2"/>
      <line num="384" type="stmt" count="2"/>
      <line num="393" type="method" name="daysOfMonth" visibility="public" complexity="2" crap="2.02" count="1"/>
      <line num="395" type="stmt" count="1"/>
      <line num="397" type="stmt" count="1"/>
      <line num="398" type="stmt" count="0"/>
      <line num="401" type="stmt" count="1"/>
      <line num="403" type="stmt" count="1"/>
      <line num="405" type="stmt" count="1"/>
      <line num="414" type="method" name="months" visibility="public" complexity="1" crap="1" count="1"/>
      <line num="416" type="stmt" count="1"/>
      <line num="418" type="stmt" count="1"/>
      <line num="420" type="stmt" count="1"/>
      <line num="422" type="stmt" count="1"/>
      <line num="433" type="method" name="quarterly" visibility="public" complexity="2" crap="2" count="2"/>
      <line num="435" type="stmt" count="2"/>
      <line num="437" type="stmt" count="2"/>
      <line num="439" type="stmt" count="2"/>
      <line num="440" type="stmt" count="1"/>
      <line num="443" type="stmt" count="2"/>
      <line num="444" type="stmt" count="2"/>
      <line num="445" type="stmt" count="2"/>
      <line num="446" type="stmt" count="2"/>
      <line num="448" type="stmt" count="2"/>
      <line num="450" type="stmt" count="2"/>
      <line num="460" type="method" name="yearly" visibility="public" complexity="2" crap="2" count="2"/>
      <line num="462" type="stmt" count="2"/>
      <line num="464" type="stmt" count="2"/>
      <line num="466" type="stmt" count="2"/>
      <line num="467" type="stmt" count="1"/>
      <line num="470" type="stmt" count="2"/>
      <line num="471" type="stmt" count="2"/>
      <line num="472" type="stmt" count="2"/>
      <line num="473" type="stmt" count="2"/>
      <line num="475" type="stmt" count="2"/>
      <line num="477" type="stmt" count="2"/>
      <line num="487" type="method" name="weekdays" visibility="public" complexity="2" crap="2" count="2"/>
      <line num="489" type="stmt" count="2"/>
      <line num="491" type="stmt" count="2"/>
      <line num="493" type="stmt" count="2"/>
      <line num="494" type="stmt" count="1"/>
      <line num="497" type="stmt" count="2"/>
      <line num="498" type="stmt" count="2"/>
      <line num="499" type="stmt" count="2"/>
      <line num="501" type="stmt" count="2"/>
      <line num="503" type="stmt" count="2"/>
      <line num="513" type="method" name="weekends" visibility="public" complexity="2" crap="2" count="2"/>
      <line num="515" type="stmt" count="2"/>
      <line num="517" type="stmt" count="2"/>
      <line num="519" type="stmt" count="2"/>
      <line num="520" type="stmt" count="1"/>
      <line num="523" type="stmt" count="2"/>
      <line num="524" type="stmt" count="2"/>
      <line num="525" type="stmt" count="2"/>
      <line num="527" type="stmt" count="2"/>
      <line num="529" type="stmt" count="2"/>
      <line num="541" type="method" name="setDayOfWeek" visibility="protected" complexity="2" crap="2" count="14"/>
      <line num="543" type="stmt" count="14"/>
      <line num="545" type="stmt" count="14"/>
      <line num="547" type="stmt" count="14"/>
      <line num="548" type="stmt" count="7"/>
      <line num="551" type="stmt" count="14"/>
      <line num="552" type="stmt" count="14"/>
      <line num="553" type="stmt" count="14"/>
      <line num="555" type="stmt" count="14"/>
      <line num="557" type="stmt" count="14"/>
      <line num="565" type="method" name="parseTime" visibility="protected" complexity="1" crap="1" count="15"/>
      <line num="567" type="stmt" count="15"/>
      <line num="570" type="stmt" count="15"/>
      <line num="571" type="stmt" count="15"/>
      <metrics loc="575" ncloc="360" classes="1" methods="30" coveredmethods="26" conditionals="0" coveredconditionals="0" statements="136" coveredstatements="132" elements="166" coveredelements="158"/>
    </file>
    <file name="C:\Users\46066917X\Documents\GitHub\cronjob\src\Job.php">
      <class name="Daycry\CronJob\Job" namespace="global">
        <metrics complexity="26" methods="15" coveredmethods="7" conditionals="0" coveredconditionals="0" statements="44" coveredstatements="31" elements="59" coveredelements="38"/>
      </class>
      <line num="78" type="method" name="__construct" visibility="public" complexity="2" crap="2" count="9"/>
      <line num="80" type="stmt" count="9"/>
      <line num="81" type="stmt" count="1"/>
      <line num="84" type="stmt" count="8"/>
      <line num="85" type="stmt" count="8"/>
      <line num="95" type="method" name="named" visibility="public" complexity="1" crap="1" count="1"/>
      <line num="97" type="stmt" count="1"/>
      <line num="99" type="stmt" count="1"/>
      <line num="107" type="method" name="getType" visibility="public" complexity="1" crap="1" count="2"/>
      <line num="109" type="stmt" count="2"/>
      <line num="117" type="method" name="getAction" visibility="public" complexity="1" crap="1" count="5"/>
      <line num="119" type="stmt" count="5"/>
      <line num="127" type="method" name="run" visibility="public" complexity="2" crap="2" count="2"/>
      <line num="129" type="stmt" count="2"/>
      <line num="136" type="stmt" count="2"/>
      <line num="145" type="method" name="shouldRun" visibility="public" complexity="4" crap="4.13" count="2"/>
      <line num="148" type="stmt" count="2"/>
      <line num="149" type="stmt" count="0"/>
      <line num="152" type="stmt" count="2"/>
      <line num="154" type="stmt" count="2"/>
      <line num="156" type="stmt" count="2"/>
      <line num="167" type="method" name="environments" visibility="public" complexity="1" crap="2" count="0"/>
      <line num="169" type="stmt" count="0"/>
      <line num="171" type="stmt" count="0"/>
      <line num="181" type="method" name="runsInEnvironment" visibility="protected" complexity="2" crap="6" count="0"/>
      <line num="184" type="stmt" count="0"/>
      <line num="185" type="stmt" count="0"/>
      <line num="188" type="stmt" count="0"/>
      <line num="197" type="method" name="runCommand" visibility="protected" complexity="1" crap="2" count="0"/>
      <line num="199" type="stmt" count="0"/>
      <line num="207" type="method" name="runShell" visibility="protected" complexity="1" crap="2" count="0"/>
      <line num="209" type="stmt" count="0"/>
      <line num="211" type="stmt" count="0"/>
      <line num="219" type="method" name="runClosure" visibility="protected" complexity="1" crap="1" count="2"/>
      <line num="221" type="stmt" count="2"/>
      <line num="229" type="method" name="runEvent" visibility="protected" complexity="1" crap="2" count="0"/>
      <line num="231" type="stmt" count="0"/>
      <line num="239" type="method" name="runUrl" visibility="protected" complexity="1" crap="2" count="0"/>
      <line num="241" type="stmt" count="0"/>
      <line num="243" type="stmt" count="0"/>
      <line num="253" type="method" name="buildName" visibility="protected" complexity="3" crap="3.00" count="1"/>
      <line num="257" type="stmt" count="1"/>
      <line num="258" type="stmt" count="1"/>
      <line num="259" type="stmt" count="1"/>
      <line num="260" type="stmt" count="1"/>
      <line num="261" type="stmt" count="1"/>
      <line num="263" type="stmt" count="1"/>
      <line num="264" type="stmt" count="1"/>
      <line num="265" type="stmt" count="1"/>
      <line num="267" type="stmt" count="1"/>
      <line num="269" type="stmt" count="1"/>
      <line num="272" type="stmt" count="0"/>
      <line num="276" type="stmt" count="1"/>
      <line num="278" type="stmt" count="1"/>
      <line num="288" type="method" name="__get" visibility="public" complexity="4" crap="4" count="2"/>
      <line num="290" type="stmt" count="2"/>
      <line num="291" type="stmt" count="1"/>
      <line num="294" type="stmt" count="2"/>
      <line num="295" type="stmt" count="2"/>
      <metrics loc="299" ncloc="165" classes="1" methods="15" coveredmethods="7" conditionals="0" coveredconditionals="0" statements="44" coveredstatements="31" elements="59" coveredelements="38"/>
    </file>
    <file name="C:\Users\46066917X\Documents\GitHub\cronjob\src\JobLog.php">
      <class name="Daycry\CronJob\JobLog" namespace="global">
        <metrics complexity="6" methods="3" coveredmethods="3" conditionals="0" coveredconditionals="0" statements="10" coveredstatements="10" elements="13" coveredelements="13"/>
      </class>
      <line num="41" type="method" name="__construct" visibility="public" complexity="3" crap="3" count="5"/>
      <line num="43" type="stmt" count="5"/>
      <line num="44" type="stmt" count="5"/>
      <line num="45" type="stmt" count="5"/>
      <line num="56" type="method" name="duration" visibility="public" complexity="1" crap="1" count="5"/>
      <line num="58" type="stmt" count="5"/>
      <line num="60" type="stmt" count="5"/>
      <line num="61" type="stmt" count="5"/>
      <line num="64" type="stmt" count="5"/>
      <line num="66" type="stmt" count="5"/>
      <line num="76" type="method" name="__get" visibility="public" complexity="2" crap="2" count="2"/>
      <line num="78" type="stmt" count="2"/>
      <line num="79" type="stmt" count="2"/>
      <metrics loc="83" ncloc="47" classes="1" methods="3" coveredmethods="3" conditionals="0" coveredconditionals="0" statements="10" coveredstatements="10" elements="13" coveredelements="13"/>
    </file>
    <file name="C:\Users\46066917X\Documents\GitHub\cronjob\src\JobRunner.php">
      <class name="Daycry\CronJob\JobRunner" namespace="global">
        <metrics complexity="31" methods="6" coveredmethods="2" conditionals="0" coveredconditionals="0" statements="67" coveredstatements="48" elements="73" coveredelements="50"/>
      </class>
      <line num="36" type="method" name="__construct" visibility="public" complexity="1" crap="1" count="3"/>
      <line num="38" type="stmt" count="3"/>
      <line num="46" type="method" name="run" visibility="public" complexity="12" crap="13.15" count="3"/>
      <line num="48" type="stmt" count="3"/>
      <line num="49" type="stmt" count="3"/>
      <line num="51" type="stmt" count="3"/>
      <line num="52" type="stmt" count="1"/>
      <line num="55" type="stmt" count="2"/>
      <line num="57" type="stmt" count="2"/>
      <line num="58" type="stmt" count="0"/>
      <line num="61" type="stmt" count="2"/>
      <line num="62" type="stmt" count="1"/>
      <line num="65" type="stmt" count="2"/>
      <line num="66" type="stmt" count="2"/>
      <line num="67" type="stmt" count="2"/>
      <line num="69" type="stmt" count="2"/>
      <line num="74" type="stmt" count="2"/>
      <line num="76" type="stmt" count="2"/>
      <line num="78" type="stmt" count="2"/>
      <line num="79" type="stmt" count="2"/>
      <line num="82" type="stmt" count="2"/>
      <line num="83" type="stmt" count="0"/>
      <line num="84" type="stmt" count="0"/>
      <line num="85" type="stmt" count="0"/>
      <line num="86" type="stmt" count="0"/>
      <line num="87" type="stmt" count="2"/>
      <line num="89" type="stmt" count="2"/>
      <line num="91" type="stmt" count="2"/>
      <line num="103" type="method" name="only" visibility="public" complexity="1" crap="2" count="0"/>
      <line num="105" type="stmt" count="0"/>
      <line num="107" type="stmt" count="0"/>
      <line num="119" type="method" name="withTestTime" visibility="public" complexity="1" crap="1" count="2"/>
      <line num="121" type="stmt" count="2"/>
      <line num="123" type="stmt" count="2"/>
      <line num="130" type="method" name="storePerformanceLog" visibility="protected" complexity="12" crap="15.20" count="2"/>
      <line num="132" type="stmt" count="2"/>
      <line num="134" type="stmt" count="2"/>
      <line num="135" type="stmt" count="0"/>
      <line num="139" type="stmt" count="2"/>
      <line num="143" type="stmt" count="2"/>
      <line num="144" type="stmt" count="2"/>
      <line num="145" type="stmt" count="2"/>
      <line num="146" type="stmt" count="2"/>
      <line num="147" type="stmt" count="2"/>
      <line num="148" type="stmt" count="2"/>
      <line num="149" type="stmt" count="2"/>
      <line num="150" type="stmt" count="2"/>
      <line num="151" type="stmt" count="2"/>
      <line num="155" type="stmt" count="2"/>
      <line num="156" type="stmt" count="0"/>
      <line num="157" type="stmt" count="0"/>
      <line num="159" type="stmt" count="0"/>
      <line num="162" type="stmt" count="0"/>
      <line num="163" type="stmt" count="0"/>
      <line num="166" type="stmt" count="0"/>
      <line num="170" type="stmt" count="2"/>
      <line num="171" type="stmt" count="2"/>
      <line num="173" type="stmt" count="2"/>
      <line num="174" type="stmt" count="0"/>
      <line num="177" type="stmt" count="2"/>
      <line num="178" type="stmt" count="2"/>
      <line num="180" type="stmt" count="0"/>
      <line num="184" type="stmt" count="2"/>
      <line num="185" type="stmt" count="1"/>
      <line num="189" type="stmt" count="2"/>
      <line num="191" type="stmt" count="2"/>
      <line num="193" type="stmt" count="2"/>
      <line num="207" type="method" name="cliWrite" visibility="protected" complexity="4" crap="7.46" count="2"/>
      <line num="210" type="stmt" count="2"/>
      <line num="211" type="stmt" count="2"/>
      <line num="214" type="stmt" count="0"/>
      <line num="215" type="stmt" count="0"/>
      <line num="218" type="stmt" count="0"/>
      <metrics loc="221" ncloc="167" classes="1" methods="6" coveredmethods="2" conditionals="0" coveredconditionals="0" statements="67" coveredstatements="48" elements="73" coveredelements="50"/>
    </file>
    <file name="C:\Users\46066917X\Documents\GitHub\cronjob\src\Models\CronJobLogModel.php">
      <class name="Daycry\CronJob\Models\CronJobLogModel" namespace="global">
        <metrics complexity="2" methods="1" coveredmethods="0" conditionals="0" coveredconditionals="0" statements="5" coveredstatements="0" elements="6" coveredelements="0"/>
      </class>
      <line num="27" type="method" name="__construct" visibility="public" complexity="2" crap="6" count="0"/>
      <line num="29" type="stmt" count="0"/>
      <line num="30" type="stmt" count="0"/>
      <line num="31" type="stmt" count="0"/>
      <line num="34" type="stmt" count="0"/>
      <line num="36" type="stmt" count="0"/>
      <metrics loc="39" ncloc="39" classes="1" methods="1" coveredmethods="0" conditionals="0" coveredconditionals="0" statements="5" coveredstatements="0" elements="6" coveredelements="0"/>
    </file>
    <file name="C:\Users\46066917X\Documents\GitHub\cronjob\src\Scheduler.php">
      <class name="Daycry\CronJob\Scheduler" namespace="global">
        <metrics complexity="7" methods="7" coveredmethods="5" conditionals="0" coveredconditionals="0" statements="9" coveredstatements="7" elements="16" coveredelements="12"/>
      </class>
      <line num="19" type="method" name="getTasks" visibility="public" complexity="1" crap="1" count="3"/>
      <line num="21" type="stmt" count="3"/>
      <line num="31" type="method" name="call" visibility="public" complexity="1" crap="1" count="1"/>
      <line num="33" type="stmt" count="1"/>
      <line num="41" type="method" name="command" visibility="public" complexity="1" crap="1" count="1"/>
      <line num="43" type="stmt" count="1"/>
      <line num="51" type="method" name="shell" visibility="public" complexity="1" crap="1" count="1"/>
      <line num="53" type="stmt" count="1"/>
      <line num="61" type="method" name="event" visibility="public" complexity="1" crap="2" count="0"/>
      <line num="63" type="stmt" count="0"/>
      <line num="71" type="method" name="url" visibility="public" complexity="1" crap="2" count="0"/>
      <line num="73" type="stmt" count="0"/>
      <line num="84" type="method" name="createTask" visibility="protected" complexity="1" crap="1" count="3"/>
      <line num="86" type="stmt" count="3"/>
      <line num="87" type="stmt" count="3"/>
      <line num="89" type="stmt" count="3"/>
      <metrics loc="92" ncloc="51" classes="1" methods="7" coveredmethods="5" conditionals="0" coveredconditionals="0" statements="9" coveredstatements="7" elements="16" coveredelements="12"/>
    </file>
    <file name="C:\Users\46066917X\Documents\GitHub\cronjob\src\language\en\CronJob.php">
      <line num="4" type="stmt" count="1"/>
      <metrics loc="7" ncloc="7" classes="0" methods="0" coveredmethods="0" conditionals="0" coveredconditionals="0" statements="1" coveredstatements="1" elements="1" coveredelements="1"/>
    </file>
    <metrics files="11" loc="1525" ncloc="968" classes="9" methods="69" coveredmethods="46" conditionals="0" coveredconditionals="0" statements="292" coveredstatements="234" elements="361" coveredelements="280"/>
  </project>
</coverage>
