<?xml version="1.0" encoding="UTF-8"?>
<coverage generated="1659954286">
  <project timestamp="1659954286">
    <file name="C:\Users\46066917X\Documents\GitHub\cronjob\src\Commands\CronJobCommand.php">
      <class name="Daycry\CronJob\Commands\CronJobCommand" namespace="global">
        <metrics complexity="10" methods="7" coveredmethods="0" conditionals="0" coveredconditionals="0" statements="37" coveredstatements="0" elements="44" coveredelements="0"/>
      </class>
      <line num="28" type="method" name="getConfig" visibility="protected" complexity="1" crap="2" count="0"/>
      <line num="30" type="stmt" count="0"/>
      <line num="31" type="stmt" count="0"/>
      <line num="36" type="method" name="saveSettings" visibility="protected" complexity="3" crap="12" count="0"/>
      <line num="38" type="stmt" count="0"/>
      <line num="40" type="stmt" count="0"/>
      <line num="43" type="stmt" count="0"/>
      <line num="46" type="stmt" count="0"/>
      <line num="47" type="stmt" count="0"/>
      <line num="51" type="stmt" count="0"/>
      <line num="52" type="stmt" count="0"/>
      <line num="53" type="stmt" count="0"/>
      <line num="54" type="stmt" count="0"/>
      <line num="55" type="stmt" count="0"/>
      <line num="59" type="stmt" count="0"/>
      <line num="62" type="stmt" count="0"/>
      <line num="69" type="method" name="getSettings" visibility="protected" complexity="2" crap="6" count="0"/>
      <line num="71" type="stmt" count="0"/>
      <line num="73" type="stmt" count="0"/>
      <line num="75" type="stmt" count="0"/>
      <line num="76" type="stmt" count="0"/>
      <line num="79" type="stmt" count="0"/>
      <line num="82" type="method" name="disabled" visibility="protected" complexity="1" crap="2" count="0"/>
      <line num="84" type="stmt" count="0"/>
      <line num="85" type="stmt" count="0"/>
      <line num="86" type="stmt" count="0"/>
      <line num="87" type="stmt" count="0"/>
      <line num="89" type="method" name="enabled" visibility="protected" complexity="1" crap="2" count="0"/>
      <line num="91" type="stmt" count="0"/>
      <line num="92" type="stmt" count="0"/>
      <line num="93" type="stmt" count="0"/>
      <line num="94" type="stmt" count="0"/>
      <line num="96" type="method" name="alreadyEnabled" visibility="protected" complexity="1" crap="2" count="0"/>
      <line num="98" type="stmt" count="0"/>
      <line num="99" type="stmt" count="0"/>
      <line num="100" type="stmt" count="0"/>
      <line num="101" type="stmt" count="0"/>
      <line num="103" type="method" name="tryToEnable" visibility="protected" complexity="1" crap="2" count="0"/>
      <line num="105" type="stmt" count="0"/>
      <line num="106" type="stmt" count="0"/>
      <line num="107" type="stmt" count="0"/>
      <line num="108" type="stmt" count="0"/>
      <line num="109" type="stmt" count="0"/>
      <line num="110" type="stmt" count="0"/>
      <line num="111" type="stmt" count="0"/>
      <metrics loc="110" ncloc="89" classes="1" methods="7" coveredmethods="0" conditionals="0" coveredconditionals="0" statements="37" coveredstatements="0" elements="44" coveredelements="0"/>
    </file>
    <file name="C:\Users\46066917X\Documents\GitHub\cronjob\src\Commands\Disable.php">
      <class name="Daycry\CronJob\Commands\Disable" namespace="global">
        <metrics complexity="1" methods="1" coveredmethods="0" conditionals="0" coveredconditionals="0" statements="4" coveredstatements="0" elements="5" coveredelements="0"/>
      </class>
      <line num="37" type="method" name="run" visibility="public" complexity="1" crap="2" count="0"/>
      <line num="39" type="stmt" count="0"/>
      <line num="42" type="stmt" count="0"/>
      <line num="44" type="stmt" count="0"/>
      <line num="45" type="stmt" count="0"/>
      <line num="46" type="stmt" count="0"/>
      <metrics loc="45" ncloc="22" classes="1" methods="1" coveredmethods="0" conditionals="0" coveredconditionals="0" statements="4" coveredstatements="0" elements="5" coveredelements="0"/>
    </file>
    <file name="C:\Users\46066917X\Documents\GitHub\cronjob\src\Commands\Enable.php">
      <class name="Daycry\CronJob\Commands\Enable" namespace="global">
        <metrics complexity="2" methods="1" coveredmethods="0" conditionals="0" coveredconditionals="0" statements="5" coveredstatements="0" elements="6" coveredelements="0"/>
      </class>
      <line num="37" type="method" name="run" visibility="public" complexity="2" crap="6" count="0"/>
      <line num="39" type="stmt" count="0"/>
      <line num="41" type="stmt" count="0"/>
      <line num="43" type="stmt" count="0"/>
      <line num="45" type="stmt" count="0"/>
      <line num="47" type="stmt" count="0"/>
      <line num="48" type="stmt" count="0"/>
      <metrics loc="47" ncloc="24" classes="1" methods="1" coveredmethods="0" conditionals="0" coveredconditionals="0" statements="5" coveredstatements="0" elements="6" coveredelements="0"/>
    </file>
    <file name="C:\Users\46066917X\Documents\GitHub\cronjob\src\Commands\Lister.php">
      <class name="Daycry\CronJob\Commands\Lister" namespace="global">
        <metrics complexity="7" methods="1" coveredmethods="0" conditionals="0" coveredconditionals="0" statements="21" coveredstatements="0" elements="22" coveredelements="0"/>
      </class>
      <line num="38" type="method" name="run" visibility="public" complexity="7" crap="56" count="0"/>
      <line num="40" type="stmt" count="0"/>
      <line num="41" type="stmt" count="0"/>
      <line num="43" type="stmt" count="0"/>
      <line num="45" type="stmt" count="0"/>
      <line num="46" type="stmt" count="0"/>
      <line num="49" type="stmt" count="0"/>
      <line num="51" type="stmt" count="0"/>
      <line num="53" type="stmt" count="0"/>
      <line num="55" type="stmt" count="0"/>
      <line num="57" type="stmt" count="0"/>
      <line num="58" type="stmt" count="0"/>
      <line num="60" type="stmt" count="0"/>
      <line num="61" type="stmt" count="0"/>
      <line num="62" type="stmt" count="0"/>
      <line num="63" type="stmt" count="0"/>
      <line num="67" type="stmt" count="0"/>
      <line num="69" type="stmt" count="0"/>
      <line num="70" type="stmt" count="0"/>
      <line num="72" type="stmt" count="0"/>
      <line num="74" type="stmt" count="0"/>
      <line num="79" type="stmt" count="0"/>
      <line num="80" type="stmt" count="0"/>
      <metrics loc="79" ncloc="56" classes="1" methods="1" coveredmethods="0" conditionals="0" coveredconditionals="0" statements="21" coveredstatements="0" elements="22" coveredelements="0"/>
    </file>
    <file name="C:\Users\46066917X\Documents\GitHub\cronjob\src\Commands\Publish.php">
      <class name="Daycry\CronJob\Commands\Publish" namespace="global">
        <metrics complexity="9" methods="4" coveredmethods="0" conditionals="0" coveredconditionals="0" statements="27" coveredstatements="0" elements="31" coveredelements="0"/>
      </class>
      <line num="38" type="method" name="run" visibility="public" complexity="2" crap="6" count="0"/>
      <line num="40" type="stmt" count="0"/>
      <line num="43" type="stmt" count="0"/>
      <line num="45" type="stmt" count="0"/>
      <line num="47" type="stmt" count="0"/>
      <line num="49" type="method" name="publishConfig" visibility="protected" complexity="1" crap="2" count="0"/>
      <line num="51" type="stmt" count="0"/>
      <line num="53" type="stmt" count="0"/>
      <line num="54" type="stmt" count="0"/>
      <line num="55" type="stmt" count="0"/>
      <line num="57" type="stmt" count="0"/>
      <line num="58" type="stmt" count="0"/>
      <line num="63" type="method" name="determineSourcePath" visibility="protected" complexity="3" crap="12" count="0"/>
      <line num="65" type="stmt" count="0"/>
      <line num="67" type="stmt" count="0"/>
      <line num="69" type="stmt" count="0"/>
      <line num="70" type="stmt" count="0"/>
      <line num="72" type="stmt" count="0"/>
      <line num="81" type="method" name="writeFile" visibility="protected" complexity="3" crap="12" count="0"/>
      <line num="83" type="stmt" count="0"/>
      <line num="84" type="stmt" count="0"/>
      <line num="86" type="stmt" count="0"/>
      <line num="88" type="stmt" count="0"/>
      <line num="90" type="stmt" count="0"/>
      <line num="95" type="stmt" count="0"/>
      <line num="97" type="stmt" count="0"/>
      <line num="99" type="stmt" count="0"/>
      <line num="100" type="stmt" count="0"/>
      <line num="103" type="stmt" count="0"/>
      <line num="105" type="stmt" count="0"/>
      <line num="106" type="stmt" count="0"/>
      <line num="107" type="stmt" count="0"/>
      <metrics loc="106" ncloc="73" classes="1" methods="4" coveredmethods="0" conditionals="0" coveredconditionals="0" statements="27" coveredstatements="0" elements="31" coveredelements="0"/>
    </file>
    <file name="C:\Users\46066917X\Documents\GitHub\cronjob\src\Commands\Run.php">
      <class name="Daycry\CronJob\Commands\Run" namespace="global">
        <metrics complexity="5" methods="1" coveredmethods="0" conditionals="0" coveredconditionals="0" statements="17" coveredstatements="0" elements="18" coveredelements="0"/>
      </class>
      <line num="46" type="method" name="run" visibility="public" complexity="5" crap="30" count="0"/>
      <line num="48" type="stmt" count="0"/>
      <line num="49" type="stmt" count="0"/>
      <line num="51" type="stmt" count="0"/>
      <line num="53" type="stmt" count="0"/>
      <line num="54" type="stmt" count="0"/>
      <line num="57" type="stmt" count="0"/>
      <line num="58" type="stmt" count="0"/>
      <line num="59" type="stmt" count="0"/>
      <line num="61" type="stmt" count="0"/>
      <line num="63" type="stmt" count="0"/>
      <line num="65" type="stmt" count="0"/>
      <line num="67" type="stmt" count="0"/>
      <line num="68" type="stmt" count="0"/>
      <line num="70" type="stmt" count="0"/>
      <line num="71" type="stmt" count="0"/>
      <line num="72" type="stmt" count="0"/>
      <line num="73" type="stmt" count="0"/>
      <line num="74" type="stmt" count="0"/>
      <metrics loc="73" ncloc="45" classes="1" methods="1" coveredmethods="0" conditionals="0" coveredconditionals="0" statements="17" coveredstatements="0" elements="18" coveredelements="0"/>
    </file>
    <file name="C:\Users\46066917X\Documents\GitHub\cronjob\src\Config\CronJob.php">
      <class name="Daycry\CronJob\Config\CronJob" namespace="global">
        <metrics complexity="1" methods="1" coveredmethods="0" conditionals="0" coveredconditionals="0" statements="1" coveredstatements="0" elements="2" coveredelements="0"/>
      </class>
      <line num="68" type="method" name="init" visibility="public" complexity="1" crap="2" count="0"/>
      <line num="75" type="stmt" count="0"/>
      <line num="76" type="stmt" count="1"/>
      <metrics loc="75" ncloc="26" classes="1" methods="1" coveredmethods="0" conditionals="0" coveredconditionals="0" statements="1" coveredstatements="0" elements="2" coveredelements="0"/>
    </file>
    <file name="C:\Users\46066917X\Documents\GitHub\cronjob\src\Config\Services.php">
      <class name="Daycry\CronJob\Config\Services" namespace="global">
        <metrics complexity="4" methods="2" coveredmethods="1" conditionals="0" coveredconditionals="0" statements="6" coveredstatements="3" elements="8" coveredelements="4"/>
      </class>
      <line num="16" type="method" name="scheduler" visibility="public" complexity="2" crap="2" count="2"/>
      <line num="18" type="stmt" count="2"/>
      <line num="20" type="stmt" count="2"/>
      <line num="23" type="stmt" count="1"/>
      <line num="33" type="method" name="cronExpression" visibility="public" complexity="2" crap="6" count="0"/>
      <line num="35" type="stmt" count="0"/>
      <line num="37" type="stmt" count="0"/>
      <line num="40" type="stmt" count="0"/>
      <metrics loc="41" ncloc="27" classes="1" methods="2" coveredmethods="1" conditionals="0" coveredconditionals="0" statements="6" coveredstatements="3" elements="8" coveredelements="4"/>
    </file>
    <file name="C:\Users\46066917X\Documents\GitHub\cronjob\src\Database\Migrations\2021-10-21-103415_create_cronjob_tables.php">
      <class name="Daycry\Cronjob\Database\Migrations\CreateCronjobTable" namespace="global">
        <metrics complexity="4" methods="3" coveredmethods="0" conditionals="0" coveredconditionals="0" statements="14" coveredstatements="0" elements="17" coveredelements="0"/>
      </class>
      <line num="7" type="method" name="up" visibility="public" complexity="1" crap="2" count="0"/>
      <line num="9" type="stmt" count="0"/>
      <line num="14" type="stmt" count="0"/>
      <line num="15" type="stmt" count="0"/>
      <line num="31" type="stmt" count="0"/>
      <line num="32" type="stmt" count="0"/>
      <line num="34" type="stmt" count="0"/>
      <line num="35" type="stmt" count="0"/>
      <line num="37" type="method" name="down" visibility="public" complexity="1" crap="2" count="0"/>
      <line num="39" type="stmt" count="0"/>
      <line num="41" type="stmt" count="0"/>
      <line num="42" type="stmt" count="0"/>
      <line num="44" type="method" name="_getConfig" visibility="private" complexity="2" crap="6" count="0"/>
      <line num="46" type="stmt" count="0"/>
      <line num="48" type="stmt" count="0"/>
      <line num="50" type="stmt" count="0"/>
      <line num="53" type="stmt" count="0"/>
      <line num="55" type="stmt" count="0"/>
      <metrics loc="54" ncloc="51" classes="1" methods="3" coveredmethods="0" conditionals="0" coveredconditionals="0" statements="14" coveredstatements="0" elements="17" coveredelements="0"/>
    </file>
    <file name="C:\Users\46066917X\Documents\GitHub\cronjob\src\Exceptions\CronJobException.php">
      <class name="Daycry\CronJob\Exceptions\CronJobException" namespace="global">
        <metrics complexity="2" methods="2" coveredmethods="0" conditionals="0" coveredconditionals="0" statements="2" coveredstatements="0" elements="4" coveredelements="0"/>
      </class>
      <line num="7" type="method" name="forInvalidTaskType" visibility="public" complexity="1" crap="2" count="0"/>
      <line num="9" type="stmt" count="0"/>
      <line num="12" type="method" name="forInvalidExpression" visibility="public" complexity="1" crap="2" count="0"/>
      <line num="14" type="stmt" count="0"/>
      <line num="16" type="stmt" count="0"/>
      <metrics loc="15" ncloc="15" classes="1" methods="2" coveredmethods="0" conditionals="0" coveredconditionals="0" statements="2" coveredstatements="0" elements="4" coveredelements="0"/>
    </file>
    <file name="C:\Users\46066917X\Documents\GitHub\cronjob\src\FrequenciesTrait.php">
      <class name="Daycry\CronJob\FrequenciesTrait" namespace="global">
        <metrics complexity="46" methods="30" coveredmethods="29" conditionals="0" coveredconditionals="0" statements="132" coveredstatements="131" elements="162" coveredelements="160"/>
      </class>
      <line num="35" type="method" name="getExpression" visibility="public" complexity="1" crap="1" count="45"/>
      <line num="37" type="stmt" count="45"/>
      <line num="47" type="method" name="cron" visibility="public" complexity="2" crap="2.06" count="1"/>
      <line num="49" type="stmt" count="1"/>
      <line num="51" type="stmt" count="0"/>
      <line num="54" type="stmt" count="1"/>
      <line num="56" type="stmt" count="1"/>
      <line num="67" type="method" name="daily" visibility="public" complexity="2" crap="2" count="3"/>
      <line num="69" type="stmt" count="3"/>
      <line num="70" type="stmt" count="3"/>
      <line num="72" type="stmt" count="2"/>
      <line num="75" type="stmt" count="3"/>
      <line num="77" type="stmt" count="3"/>
      <line num="78" type="stmt" count="3"/>
      <line num="80" type="stmt" count="3"/>
      <line num="82" type="stmt" count="3"/>
      <line num="90" type="method" name="hourly" visibility="public" complexity="2" crap="2" count="2"/>
      <line num="92" type="stmt" count="2"/>
      <line num="94" type="stmt" count="2"/>
      <line num="96" type="stmt" count="2"/>
      <line num="97" type="stmt" count="2"/>
      <line num="99" type="stmt" count="2"/>
      <line num="101" type="stmt" count="2"/>
      <line num="112" type="method" name="everyHour" visibility="public" complexity="3" crap="3" count="3"/>
      <line num="114" type="stmt" count="3"/>
      <line num="116" type="stmt" count="3"/>
      <line num="117" type="stmt" count="3"/>
      <line num="119" type="stmt" count="3"/>
      <line num="120" type="stmt" count="3"/>
      <line num="122" type="stmt" count="3"/>
      <line num="124" type="stmt" count="3"/>
      <line num="134" type="method" name="betweenHours" visibility="public" complexity="1" crap="1" count="1"/>
      <line num="136" type="stmt" count="1"/>
      <line num="137" type="stmt" count="1"/>
      <line num="139" type="stmt" count="1"/>
      <line num="141" type="stmt" count="1"/>
      <line num="150" type="method" name="hours" visibility="public" complexity="2" crap="2" count="1"/>
      <line num="152" type="stmt" count="1"/>
      <line num="154" type="stmt" count="1"/>
      <line num="156" type="stmt" count="1"/>
      <line num="158" type="stmt" count="1"/>
      <line num="160" type="stmt" count="1"/>
      <line num="170" type="method" name="everyMinute" visibility="public" complexity="2" crap="2" count="5"/>
      <line num="172" type="stmt" count="5"/>
      <line num="174" type="stmt" count="5"/>
      <line num="175" type="stmt" count="5"/>
      <line num="177" type="stmt" count="5"/>
      <line num="179" type="stmt" count="5"/>
      <line num="187" type="method" name="everyFiveMinutes" visibility="public" complexity="1" crap="1" count="1"/>
      <line num="189" type="stmt" count="1"/>
      <line num="197" type="method" name="everyFifteenMinutes" visibility="public" complexity="1" crap="1" count="1"/>
      <line num="199" type="stmt" count="1"/>
      <line num="207" type="method" name="everyThirtyMinutes" visibility="public" complexity="1" crap="1" count="1"/>
      <line num="209" type="stmt" count="1"/>
      <line num="220" type="method" name="betweenMinutes" visibility="public" complexity="1" crap="1" count="1"/>
      <line num="222" type="stmt" count="1"/>
      <line num="224" type="stmt" count="1"/>
      <line num="226" type="stmt" count="1"/>
      <line num="228" type="stmt" count="1"/>
      <line num="237" type="method" name="minutes" visibility="public" complexity="2" crap="2" count="1"/>
      <line num="239" type="stmt" count="1"/>
      <line num="241" type="stmt" count="1"/>
      <line num="243" type="stmt" count="1"/>
      <line num="245" type="stmt" count="1"/>
      <line num="247" type="stmt" count="1"/>
      <line num="257" type="method" name="days" visibility="public" complexity="2" crap="2" count="1"/>
      <line num="259" type="stmt" count="1"/>
      <line num="261" type="stmt" count="1"/>
      <line num="263" type="stmt" count="1"/>
      <line num="265" type="stmt" count="1"/>
      <line num="267" type="stmt" count="1"/>
      <line num="277" type="method" name="sundays" visibility="public" complexity="1" crap="1" count="2"/>
      <line num="279" type="stmt" count="2"/>
      <line num="289" type="method" name="mondays" visibility="public" complexity="1" crap="1" count="2"/>
      <line num="291" type="stmt" count="2"/>
      <line num="301" type="method" name="tuesdays" visibility="public" complexity="1" crap="1" count="2"/>
      <line num="303" type="stmt" count="2"/>
      <line num="313" type="method" name="wednesdays" visibility="public" complexity="1" crap="1" count="2"/>
      <line num="315" type="stmt" count="2"/>
      <line num="325" type="method" name="thursdays" visibility="public" complexity="1" crap="1" count="2"/>
      <line num="327" type="stmt" count="2"/>
      <line num="337" type="method" name="fridays" visibility="public" complexity="1" crap="1" count="2"/>
      <line num="339" type="stmt" count="2"/>
      <line num="349" type="method" name="saturdays" visibility="public" complexity="1" crap="1" count="2"/>
      <line num="351" type="stmt" count="2"/>
      <line num="361" type="method" name="monthly" visibility="public" complexity="2" crap="2" count="2"/>
      <line num="363" type="stmt" count="2"/>
      <line num="365" type="stmt" count="2"/>
      <line num="367" type="stmt" count="1"/>
      <line num="370" type="stmt" count="2"/>
      <line num="372" type="stmt" count="2"/>
      <line num="373" type="stmt" count="2"/>
      <line num="374" type="stmt" count="2"/>
      <line num="376" type="stmt" count="2"/>
      <line num="378" type="stmt" count="2"/>
      <line num="387" type="method" name="daysOfMonth" visibility="public" complexity="2" crap="2" count="1"/>
      <line num="389" type="stmt" count="1"/>
      <line num="391" type="stmt" count="1"/>
      <line num="393" type="stmt" count="1"/>
      <line num="395" type="stmt" count="1"/>
      <line num="397" type="stmt" count="1"/>
      <line num="406" type="method" name="months" visibility="public" complexity="1" crap="1" count="1"/>
      <line num="408" type="stmt" count="1"/>
      <line num="410" type="stmt" count="1"/>
      <line num="412" type="stmt" count="1"/>
      <line num="414" type="stmt" count="1"/>
      <line num="425" type="method" name="quarterly" visibility="public" complexity="2" crap="2" count="2"/>
      <line num="427" type="stmt" count="2"/>
      <line num="429" type="stmt" count="2"/>
      <line num="431" type="stmt" count="2"/>
      <line num="433" type="stmt" count="1"/>
      <line num="436" type="stmt" count="2"/>
      <line num="437" type="stmt" count="2"/>
      <line num="438" type="stmt" count="2"/>
      <line num="439" type="stmt" count="2"/>
      <line num="441" type="stmt" count="2"/>
      <line num="443" type="stmt" count="2"/>
      <line num="453" type="method" name="yearly" visibility="public" complexity="2" crap="2" count="2"/>
      <line num="455" type="stmt" count="2"/>
      <line num="457" type="stmt" count="2"/>
      <line num="459" type="stmt" count="2"/>
      <line num="461" type="stmt" count="1"/>
      <line num="464" type="stmt" count="2"/>
      <line num="465" type="stmt" count="2"/>
      <line num="466" type="stmt" count="2"/>
      <line num="467" type="stmt" count="2"/>
      <line num="469" type="stmt" count="2"/>
      <line num="471" type="stmt" count="2"/>
      <line num="481" type="method" name="weekdays" visibility="public" complexity="2" crap="2" count="2"/>
      <line num="483" type="stmt" count="2"/>
      <line num="485" type="stmt" count="2"/>
      <line num="487" type="stmt" count="2"/>
      <line num="489" type="stmt" count="1"/>
      <line num="492" type="stmt" count="2"/>
      <line num="493" type="stmt" count="2"/>
      <line num="494" type="stmt" count="2"/>
      <line num="496" type="stmt" count="2"/>
      <line num="498" type="stmt" count="2"/>
      <line num="508" type="method" name="weekends" visibility="public" complexity="2" crap="2" count="2"/>
      <line num="510" type="stmt" count="2"/>
      <line num="512" type="stmt" count="2"/>
      <line num="514" type="stmt" count="2"/>
      <line num="516" type="stmt" count="1"/>
      <line num="519" type="stmt" count="2"/>
      <line num="520" type="stmt" count="2"/>
      <line num="521" type="stmt" count="2"/>
      <line num="523" type="stmt" count="2"/>
      <line num="525" type="stmt" count="2"/>
      <line num="537" type="method" name="setDayOfWeek" visibility="protected" complexity="2" crap="2" count="14"/>
      <line num="539" type="stmt" count="14"/>
      <line num="541" type="stmt" count="14"/>
      <line num="543" type="stmt" count="14"/>
      <line num="545" type="stmt" count="7"/>
      <line num="548" type="stmt" count="14"/>
      <line num="549" type="stmt" count="14"/>
      <line num="550" type="stmt" count="14"/>
      <line num="552" type="stmt" count="14"/>
      <line num="554" type="stmt" count="14"/>
      <line num="562" type="method" name="parseTime" visibility="protected" complexity="1" crap="1" count="14"/>
      <line num="564" type="stmt" count="14"/>
      <line num="567" type="stmt" count="14"/>
      <line num="568" type="stmt" count="14"/>
      <line num="571" type="stmt" count="1"/>
      <metrics loc="570" ncloc="356" classes="1" methods="30" coveredmethods="29" conditionals="0" coveredconditionals="0" statements="132" coveredstatements="131" elements="162" coveredelements="160"/>
    </file>
    <file name="C:\Users\46066917X\Documents\GitHub\cronjob\src\Job.php">
      <class name="Daycry\CronJob\Job" namespace="global">
        <metrics complexity="26" methods="15" coveredmethods="4" conditionals="0" coveredconditionals="0" statements="49" coveredstatements="19" elements="64" coveredelements="23"/>
      </class>
      <line num="76" type="method" name="__construct" visibility="public" complexity="2" crap="2.03" count="7"/>
      <line num="78" type="stmt" count="7"/>
      <line num="80" type="stmt" count="0"/>
      <line num="83" type="stmt" count="7"/>
      <line num="84" type="stmt" count="7"/>
      <line num="85" type="stmt" count="7"/>
      <line num="94" type="method" name="named" visibility="public" complexity="1" crap="1" count="1"/>
      <line num="96" type="stmt" count="1"/>
      <line num="98" type="stmt" count="1"/>
      <line num="106" type="method" name="getType" visibility="public" complexity="1" crap="1" count="1"/>
      <line num="108" type="stmt" count="1"/>
      <line num="116" type="method" name="getAction" visibility="public" complexity="1" crap="1" count="4"/>
      <line num="118" type="stmt" count="4"/>
      <line num="126" type="method" name="run" visibility="public" complexity="2" crap="2.06" count="1"/>
      <line num="128" type="stmt" count="1"/>
      <line num="129" type="stmt" count="1"/>
      <line num="131" type="stmt" count="0"/>
      <line num="134" type="stmt" count="1"/>
      <line num="143" type="method" name="shouldRun" visibility="public" complexity="4" crap="4.13" count="1"/>
      <line num="146" type="stmt" count="1"/>
      <line num="148" type="stmt" count="0"/>
      <line num="151" type="stmt" count="1"/>
      <line num="153" type="stmt" count="1"/>
      <line num="155" type="stmt" count="1"/>
      <line num="166" type="method" name="environments" visibility="public" complexity="1" crap="2" count="0"/>
      <line num="168" type="stmt" count="0"/>
      <line num="170" type="stmt" count="0"/>
      <line num="180" type="method" name="runsInEnvironment" visibility="protected" complexity="2" crap="6" count="0"/>
      <line num="183" type="stmt" count="0"/>
      <line num="185" type="stmt" count="0"/>
      <line num="188" type="stmt" count="0"/>
      <line num="197" type="method" name="runCommand" visibility="protected" complexity="1" crap="2" count="0"/>
      <line num="199" type="stmt" count="0"/>
      <line num="207" type="method" name="runShell" visibility="protected" complexity="1" crap="2" count="0"/>
      <line num="209" type="stmt" count="0"/>
      <line num="211" type="stmt" count="0"/>
      <line num="219" type="method" name="runClosure" visibility="protected" complexity="1" crap="1" count="1"/>
      <line num="221" type="stmt" count="1"/>
      <line num="229" type="method" name="runEvent" visibility="protected" complexity="1" crap="2" count="0"/>
      <line num="231" type="stmt" count="0"/>
      <line num="239" type="method" name="runUrl" visibility="protected" complexity="1" crap="2" count="0"/>
      <line num="241" type="stmt" count="0"/>
      <line num="243" type="stmt" count="0"/>
      <line num="253" type="method" name="buildName" visibility="protected" complexity="3" crap="12" count="0"/>
      <line num="257" type="stmt" count="0"/>
      <line num="259" type="stmt" count="0"/>
      <line num="260" type="stmt" count="0"/>
      <line num="261" type="stmt" count="0"/>
      <line num="262" type="stmt" count="0"/>
      <line num="264" type="stmt" count="0"/>
      <line num="266" type="stmt" count="0"/>
      <line num="267" type="stmt" count="0"/>
      <line num="269" type="stmt" count="0"/>
      <line num="270" type="stmt" count="0"/>
      <line num="271" type="stmt" count="0"/>
      <line num="275" type="stmt" count="0"/>
      <line num="279" type="stmt" count="0"/>
      <line num="281" type="stmt" count="0"/>
      <line num="291" type="method" name="__get" visibility="public" complexity="4" crap="5.02" count="1"/>
      <line num="293" type="stmt" count="1"/>
      <line num="295" type="stmt" count="0"/>
      <line num="298" type="stmt" count="1"/>
      <line num="300" type="stmt" count="1"/>
      <line num="302" type="stmt" count="0"/>
      <line num="303" type="stmt" count="1"/>
      <metrics loc="302" ncloc="175" classes="1" methods="15" coveredmethods="4" conditionals="0" coveredconditionals="0" statements="49" coveredstatements="19" elements="64" coveredelements="23"/>
    </file>
    <file name="C:\Users\46066917X\Documents\GitHub\cronjob\src\JobLog.php">
      <class name="Daycry\CronJob\JobLog" namespace="global">
        <metrics complexity="6" methods="3" coveredmethods="2" conditionals="0" coveredconditionals="0" statements="12" coveredstatements="9" elements="15" coveredelements="11"/>
      </class>
      <line num="39" type="method" name="__construct" visibility="public" complexity="3" crap="3" count="4"/>
      <line num="41" type="stmt" count="4"/>
      <line num="43" type="stmt" count="4"/>
      <line num="45" type="stmt" count="4"/>
      <line num="48" type="stmt" count="4"/>
      <line num="56" type="method" name="duration" visibility="public" complexity="1" crap="1" count="4"/>
      <line num="58" type="stmt" count="4"/>
      <line num="60" type="stmt" count="4"/>
      <line num="61" type="stmt" count="4"/>
      <line num="64" type="stmt" count="4"/>
      <line num="66" type="stmt" count="4"/>
      <line num="76" type="method" name="__get" visibility="public" complexity="2" crap="6" count="0"/>
      <line num="78" type="stmt" count="0"/>
      <line num="80" type="stmt" count="0"/>
      <line num="82" type="stmt" count="0"/>
      <line num="83" type="stmt" count="1"/>
      <metrics loc="82" ncloc="47" classes="1" methods="3" coveredmethods="2" conditionals="0" coveredconditionals="0" statements="12" coveredstatements="9" elements="15" coveredelements="11"/>
    </file>
    <file name="C:\Users\46066917X\Documents\GitHub\cronjob\src\JobRunner.php">
      <class name="Daycry\CronJob\JobRunner" namespace="global">
        <metrics complexity="27" methods="6" coveredmethods="2" conditionals="0" coveredconditionals="0" statements="65" coveredstatements="48" elements="71" coveredelements="50"/>
      </class>
      <line num="41" type="method" name="__construct" visibility="public" complexity="1" crap="1" count="2"/>
      <line num="43" type="stmt" count="2"/>
      <line num="44" type="stmt" count="2"/>
      <line num="51" type="method" name="run" visibility="public" complexity="15" crap="15.60" count="2"/>
      <line num="53" type="stmt" count="2"/>
      <line num="55" type="stmt" count="2"/>
      <line num="56" type="stmt" count="1"/>
      <line num="59" type="stmt" count="1"/>
      <line num="62" type="stmt" count="1"/>
      <line num="64" type="stmt" count="0"/>
      <line num="67" type="stmt" count="1"/>
      <line num="69" type="stmt" count="1"/>
      <line num="72" type="stmt" count="1"/>
      <line num="73" type="stmt" count="1"/>
      <line num="74" type="stmt" count="1"/>
      <line num="76" type="stmt" count="1"/>
      <line num="80" type="stmt" count="1"/>
      <line num="82" type="stmt" count="1"/>
      <line num="84" type="stmt" count="1"/>
      <line num="87" type="stmt" count="1"/>
      <line num="89" type="stmt" count="0"/>
      <line num="91" type="stmt" count="0"/>
      <line num="92" type="stmt" count="0"/>
      <line num="93" type="stmt" count="0"/>
      <line num="96" type="stmt" count="1"/>
      <line num="97" type="stmt" count="1"/>
      <line num="99" type="stmt" count="1"/>
      <line num="102" type="stmt" count="1"/>
      <line num="103" type="stmt" count="1"/>
      <line num="104" type="stmt" count="1"/>
      <line num="105" type="stmt" count="1"/>
      <line num="106" type="stmt" count="1"/>
      <line num="107" type="stmt" count="1"/>
      <line num="108" type="stmt" count="1"/>
      <line num="109" type="stmt" count="1"/>
      <line num="110" type="stmt" count="1"/>
      <line num="111" type="stmt" count="1"/>
      <line num="112" type="stmt" count="1"/>
      <line num="115" type="stmt" count="1"/>
      <line num="118" type="stmt" count="1"/>
      <line num="127" type="method" name="only" visibility="public" complexity="1" crap="2" count="0"/>
      <line num="129" type="stmt" count="0"/>
      <line num="131" type="stmt" count="0"/>
      <line num="143" type="method" name="withTestTime" visibility="public" complexity="1" crap="1" count="1"/>
      <line num="145" type="stmt" count="1"/>
      <line num="147" type="stmt" count="1"/>
      <line num="155" type="method" name="storePerformanceLogs" visibility="protected" complexity="5" crap="6.10" count="1"/>
      <line num="157" type="stmt" count="1"/>
      <line num="159" type="stmt" count="1"/>
      <line num="161" type="stmt" count="0"/>
      <line num="164" type="stmt" count="1"/>
      <line num="166" type="stmt" count="0"/>
      <line num="167" type="stmt" count="0"/>
      <line num="168" type="stmt" count="0"/>
      <line num="169" type="stmt" count="0"/>
      <line num="174" type="stmt" count="1"/>
      <line num="176" type="stmt" count="0"/>
      <line num="179" type="stmt" count="1"/>
      <line num="182" type="stmt" count="1"/>
      <line num="183" type="stmt" count="1"/>
      <line num="184" type="stmt" count="1"/>
      <line num="185" type="stmt" count="1"/>
      <line num="186" type="stmt" count="1"/>
      <line num="190" type="stmt" count="1"/>
      <line num="198" type="method" name="cliWrite" visibility="protected" complexity="4" crap="8.74" count="1"/>
      <line num="201" type="stmt" count="1"/>
      <line num="203" type="stmt" count="1"/>
      <line num="206" type="stmt" count="0"/>
      <line num="208" type="stmt" count="0"/>
      <line num="211" type="stmt" count="0"/>
      <line num="212" type="stmt" count="0"/>
      <line num="213" type="stmt" count="1"/>
      <metrics loc="212" ncloc="158" classes="1" methods="6" coveredmethods="2" conditionals="0" coveredconditionals="0" statements="65" coveredstatements="48" elements="71" coveredelements="50"/>
    </file>
    <file name="C:\Users\46066917X\Documents\GitHub\cronjob\src\Models\CronJobLogModel.php">
      <class name="Daycry\CronJob\Models\CronJobLogModel" namespace="global">
        <metrics complexity="2" methods="2" coveredmethods="0" conditionals="0" coveredconditionals="0" statements="4" coveredstatements="0" elements="6" coveredelements="0"/>
      </class>
      <line num="26" type="method" name="__construct" visibility="public" complexity="1" crap="2" count="0"/>
      <line num="28" type="stmt" count="0"/>
      <line num="29" type="stmt" count="0"/>
      <line num="31" type="method" name="setTableName" visibility="public" complexity="1" crap="2" count="0"/>
      <line num="33" type="stmt" count="0"/>
      <line num="34" type="stmt" count="0"/>
      <metrics loc="35" ncloc="35" classes="1" methods="2" coveredmethods="0" conditionals="0" coveredconditionals="0" statements="4" coveredstatements="0" elements="6" coveredelements="0"/>
    </file>
    <file name="C:\Users\46066917X\Documents\GitHub\cronjob\src\Scheduler.php">
      <class name="Daycry\CronJob\Scheduler" namespace="global">
        <metrics complexity="7" methods="7" coveredmethods="5" conditionals="0" coveredconditionals="0" statements="9" coveredstatements="7" elements="16" coveredelements="12"/>
      </class>
      <line num="17" type="method" name="getTasks" visibility="public" complexity="1" crap="1" count="2"/>
      <line num="19" type="stmt" count="2"/>
      <line num="29" type="method" name="call" visibility="public" complexity="1" crap="1" count="1"/>
      <line num="31" type="stmt" count="1"/>
      <line num="39" type="method" name="command" visibility="public" complexity="1" crap="1" count="1"/>
      <line num="41" type="stmt" count="1"/>
      <line num="49" type="method" name="shell" visibility="public" complexity="1" crap="1" count="1"/>
      <line num="51" type="stmt" count="1"/>
      <line num="59" type="method" name="event" visibility="public" complexity="1" crap="2" count="0"/>
      <line num="61" type="stmt" count="0"/>
      <line num="69" type="method" name="url" visibility="public" complexity="1" crap="2" count="0"/>
      <line num="71" type="stmt" count="0"/>
      <line num="82" type="method" name="createTask" visibility="protected" complexity="1" crap="1" count="3"/>
      <line num="84" type="stmt" count="3"/>
      <line num="85" type="stmt" count="3"/>
      <line num="87" type="stmt" count="3"/>
      <line num="89" type="stmt" count="1"/>
      <metrics loc="88" ncloc="47" classes="1" methods="7" coveredmethods="5" conditionals="0" coveredconditionals="0" statements="9" coveredstatements="7" elements="16" coveredelements="12"/>
    </file>
    <file name="C:\Users\46066917X\Documents\GitHub\cronjob\src\language\en\CronJob.php">
      <line num="4" type="stmt" count="0"/>
      <metrics loc="5" ncloc="5" classes="0" methods="0" coveredmethods="0" conditionals="0" coveredconditionals="0" statements="1" coveredstatements="0" elements="1" coveredelements="0"/>
    </file>
    <metrics files="17" loc="1939" ncloc="1251" classes="16" methods="86" coveredmethods="43" conditionals="0" coveredconditionals="0" statements="406" coveredstatements="217" elements="492" coveredelements="260"/>
  </project>
</coverage>
